Waiting for the time...
[2019-04-07 12:43:43] DEBUG Creating transport: nodemailer (6.1.0; +https://nodemailer.com/; SMTP/6.1.0[client:6.1.0])
[2019-04-07 12:44:00] DEBUG Sending mail using SMTP/6.1.0[client:6.1.0]
[2019-04-07 12:44:00] DEBUG [8cem944gc0s] Resolved smtp.gmail.com as 74.125.71.109 [cache miss]
[2019-04-07 12:44:00] INFO  [8cem944gc0s] Secure connection established to 74.125.71.109:465
[2019-04-07 12:44:00] DEBUG [8cem944gc0s] SMTP handshake finished
[2019-04-07 12:44:00] INFO  [8cem944gc0s] User "1mybchub@gmail.com" authenticated
[2019-04-07 12:44:00] INFO  Sending message <cba81b96-9015-5856-63c5-72322973f952@gmail.com> to <emerysolutions@yahoo.co.uk>
[2019-04-07 12:44:00] INFO  [8cem944gc0s] <391 bytes encoded mime message (source size 388 bytes)>
[2019-04-07 12:44:01] DEBUG [8cem944gc0s] Closing connection to the server using "end"
The message was sent!
{ accepted: [ 'emerysolutions@yahoo.co.uk' ],
  rejected: [],
  envelopeTime: 178,
  messageTime: 745,
  messageSize: 391,
  response: '250 2.0.0 OK  1554641041 4sm6290808wmg.12 - gsmtp',
  envelope: 
   { from: '1mybchub@gmail.com',
     to: [ 'emerysolutions@yahoo.co.uk' ] },
  messageId: '<cba81b96-9015-5856-63c5-72322973f952@gmail.com>' }
[2019-04-07 12:44:01] INFO  [8cem944gc0s] Connection closed
[2019-04-09 08:18:54] DEBUG Sending mail using SMTP/6.1.0[client:6.1.0]
[2019-04-09 08:18:54] DEBUG [etrFuCKC7z8] Resolved smtp.gmail.com as 173.194.76.109 [cache miss]
[2019-04-09 08:18:54] INFO  [etrFuCKC7z8] Secure connection established to 173.194.76.109:465
[2019-04-09 08:18:54] DEBUG [etrFuCKC7z8] SMTP handshake finished
[2019-04-09 08:18:54] INFO  [etrFuCKC7z8] User "1mybchub@gmail.com" authenticated
[2019-04-09 08:18:54] INFO  Sending message <bfbbf888-12a3-a9b0-5bfb-1332609a9396@gmail.com> to <emerysolutions@yahoo.co.uk>
[2019-04-09 08:18:54] INFO  [etrFuCKC7z8] <391 bytes encoded mime message (source size 388 bytes)>
[2019-04-09 08:18:55] DEBUG [etrFuCKC7z8] Closing connection to the server using "end"
The message was sent!
{ accepted: [ 'emerysolutions@yahoo.co.uk' ],
  rejected: [],
  envelopeTime: 281,
  messageTime: 890,
  messageSize: 391,
  response: '250 2.0.0 OK  1554797935 v6sm38014712wrt.56 - gsmtp',
  envelope: 
   { from: '1mybchub@gmail.com',
     to: [ 'emerysolutions@yahoo.co.uk' ] },
  messageId: '<bfbbf888-12a3-a9b0-5bfb-1332609a9396@gmail.com>' }
[2019-04-09 08:18:55] INFO  [etrFuCKC7z8] Connection closed
[2019-04-09 12:44:00] DEBUG Sending mail using SMTP/6.1.0[client:6.1.0]
[2019-04-09 12:44:00] DEBUG [oTEOgmj7h78] Resolved smtp.gmail.com as 173.194.76.109 [cache miss]
[2019-04-09 12:44:00] INFO  [oTEOgmj7h78] Secure connection established to 173.194.76.109:465
[2019-04-09 12:44:00] DEBUG [oTEOgmj7h78] SMTP handshake finished
[2019-04-09 12:44:00] INFO  [oTEOgmj7h78] User "1mybchub@gmail.com" authenticated
[2019-04-09 12:44:00] INFO  Sending message <b4c41529-04d2-6c01-7efb-5339b621649f@gmail.com> to <emerysolutions@yahoo.co.uk>
[2019-04-09 12:44:00] INFO  [oTEOgmj7h78] <391 bytes encoded mime message (source size 388 bytes)>
[2019-04-09 12:44:02] DEBUG [oTEOgmj7h78] Closing connection to the server using "end"
The message was sent!
{ accepted: [ 'emerysolutions@yahoo.co.uk' ],
  rejected: [],
  envelopeTime: 394,
  messageTime: 1238,
  messageSize: 391,
  response: '250 2.0.0 OK  1554813841 n6sm22707960wmn.48 - gsmtp',
  envelope: 
   { from: '1mybchub@gmail.com',
     to: [ 'emerysolutions@yahoo.co.uk' ] },
  messageId: '<b4c41529-04d2-6c01-7efb-5339b621649f@gmail.com>' }
[2019-04-09 12:44:02] INFO  [oTEOgmj7h78] Connection closed
